<?xml version="1.0" encoding="UTF-8"?>
<testng-results ignored="1" total="2" passed="1" failed="0" skipped="0">
  <reporter-output>
  </reporter-output>
  <suite started-at="2024-07-21T11:58:09Z" name="Default suite" finished-at="2024-07-21T11:58:18Z" duration-ms="8830">
    <groups>
    </groups>
    <test started-at="2024-07-21T11:58:09Z" name="Default test" finished-at="2024-07-21T11:58:18Z" duration-ms="8830">
      <class name="openinAppTest.affilinks">
        <test-method is-config="true" signature="bt()[pri:0, instance:openinAppTest.affilinks@5c44c582]" started-at="2024-07-21T11:58:09Z" name="bt" finished-at="2024-07-21T11:58:17Z" duration-ms="8267" status="PASS">
          <reporter-output>
          </reporter-output>
        </test-method> <!-- bt -->
        <test-method signature="video()[pri:0, instance:openinAppTest.affilinks@5c44c582]" started-at="2024-07-21T11:58:17Z" name="video" finished-at="2024-07-21T11:58:18Z" duration-ms="462" status="PASS">
          <reporter-output>
          </reporter-output>
        </test-method> <!-- video -->
      </class> <!-- openinAppTest.affilinks -->
    </test> <!-- Default test -->
  </suite> <!-- Default suite -->
</testng-results>
