<?xml version="1.0" encoding="UTF-8"?>
<testng-results ignored="1" total="2" passed="1" failed="0" skipped="0">
  <reporter-output>
  </reporter-output>
  <suite started-at="2024-07-21T07:56:16Z" name="Default suite" finished-at="2024-07-21T07:56:29Z" duration-ms="12715">
    <groups>
    </groups>
    <test started-at="2024-07-21T07:56:16Z" name="Default test" finished-at="2024-07-21T07:56:29Z" duration-ms="12715">
      <class name="openinAppTest.topSecretLinks">
        <test-method is-config="true" signature="bt()[pri:0, instance:openinAppTest.topSecretLinks@2c78d320]" started-at="2024-07-21T07:56:16Z" name="bt" finished-at="2024-07-21T07:56:27Z" duration-ms="11139" status="PASS">
          <reporter-output>
          </reporter-output>
        </test-method> <!-- bt -->
        <test-method signature="login()[pri:0, instance:openinAppTest.topSecretLinks@2c78d320]" started-at="2024-07-21T07:56:27Z" name="login" finished-at="2024-07-21T07:56:28Z" duration-ms="392" status="PASS">
          <reporter-output>
          </reporter-output>
        </test-method> <!-- login -->
        <test-method is-config="true" signature="complete()[pri:0, instance:openinAppTest.topSecretLinks@2c78d320]" started-at="2024-07-21T07:56:28Z" name="complete" finished-at="2024-07-21T07:56:29Z" duration-ms="1095" status="PASS">
          <reporter-output>
          </reporter-output>
        </test-method> <!-- complete -->
      </class> <!-- openinAppTest.topSecretLinks -->
    </test> <!-- Default test -->
  </suite> <!-- Default suite -->
</testng-results>
