<?xml version="1.0" encoding="UTF-8"?>
<!-- Generated by org.testng.reporters.JUnitXMLReporter -->
<testsuite ignored="1" hostname="Sulakhe-Family5" failures="0" tests="1" name="Default test" time="12.715" errors="0" timestamp="21 Jul 2024 07:56:29 GMT">
  <testcase classname="openinAppTest.topSecretLinks" name="login" time="0.392"/>
  <testcase classname="openinAppTest.topSecretLinks" name="topSecretlinkHome" time="0.0">
    <ignored/>
  </testcase> <!-- topSecretlinkHome -->
</testsuite> <!-- Default test -->
