<?xml version="1.0" encoding="UTF-8"?>
<!-- Generated by org.testng.reporters.JUnitXMLReporter -->
<testsuite ignored="1" hostname="Sulakhe-Family5" failures="0" tests="1" name="Default test" time="8.83" errors="0" timestamp="21 Jul 2024 11:58:18 GMT">
  <testcase classname="openinAppTest.affilinks" name="video" time="0.462"/>
  <testcase classname="openinAppTest.affilinks" name="affilinkHome" time="0.0">
    <ignored/>
  </testcase> <!-- affilinkHome -->
</testsuite> <!-- Default test -->
